0 info it worked if it ends with ok
1 verbose cli [ 'C:\\Program Files\\nodejs\\node.exe',
1 verbose cli   'C:\\Program Files\\nodejs\\node_modules\\npm\\bin\\npm-cli.js',
1 verbose cli   'install',
1 verbose cli   'ngCordova' ]
2 info using npm@2.14.4
3 info using node@v4.1.2
4 verbose install initial load of C:\Work\Projects\Nix\package.json
5 warn package.json nix@1.0.0 No repository field.
6 warn package.json nix@1.0.0 No README data
7 warn package.json nix@1.0.0 No license field.
8 verbose readDependencies loading dependencies from C:\Work\Projects\Nix\package.json
9 silly cache add args [ 'ngCordova', null ]
10 verbose cache add spec ngCordova
11 silly cache add parsed spec Result {
11 silly cache add   raw: 'ngCordova',
11 silly cache add   scope: null,
11 silly cache add   name: 'ngCordova',
11 silly cache add   rawSpec: '',
11 silly cache add   spec: '*',
11 silly cache add   type: 'range' }
12 silly addNamed ngCordova@*
13 verbose addNamed "*" is a valid semver range for ngCordova
14 silly addNameRange { name: 'ngCordova', range: '*', hasData: false }
15 silly mapToRegistry name ngCordova
16 silly mapToRegistry using default registry
17 silly mapToRegistry registry https://registry.npmjs.org/
18 silly mapToRegistry uri https://registry.npmjs.org/ngCordova
19 verbose addNameRange registry:https://registry.npmjs.org/ngCordova not in flight; fetching
20 verbose request uri https://registry.npmjs.org/ngCordova
21 verbose request no auth needed
22 info attempt registry request try #1 at 9:53:08 PM
23 verbose request id a1a2ceb0b3a51bd2
24 http request GET https://registry.npmjs.org/ngCordova
25 http 404 https://registry.npmjs.org/ngCordova
26 verbose headers { 'content-type': 'application/json',
26 verbose headers   'cache-control': 'max-age=0',
26 verbose headers   'content-length': '2',
26 verbose headers   'accept-ranges': 'bytes',
26 verbose headers   date: 'Tue, 12 Jan 2016 05:53:30 GMT',
26 verbose headers   via: '1.1 varnish',
26 verbose headers   age: '0',
26 verbose headers   connection: 'keep-alive',
26 verbose headers   'x-served-by': 'cache-sjc3128-SJC',
26 verbose headers   'x-cache': 'MISS',
26 verbose headers   'x-cache-hits': '0',
26 verbose headers   'x-timer': 'S1452578010.738592,VS0,VE159' }
27 silly get cb [ 404,
27 silly get   { 'content-type': 'application/json',
27 silly get     'cache-control': 'max-age=0',
27 silly get     'content-length': '2',
27 silly get     'accept-ranges': 'bytes',
27 silly get     date: 'Tue, 12 Jan 2016 05:53:30 GMT',
27 silly get     via: '1.1 varnish',
27 silly get     age: '0',
27 silly get     connection: 'keep-alive',
27 silly get     'x-served-by': 'cache-sjc3128-SJC',
27 silly get     'x-cache': 'MISS',
27 silly get     'x-cache-hits': '0',
27 silly get     'x-timer': 'S1452578010.738592,VS0,VE159' } ]
28 verbose stack Error: Registry returned 404 for GET on https://registry.npmjs.org/ngCordova
28 verbose stack     at makeError (C:\Program Files\nodejs\node_modules\npm\node_modules\npm-registry-client\lib\request.js:263:12)
28 verbose stack     at CachingRegistryClient.<anonymous> (C:\Program Files\nodejs\node_modules\npm\node_modules\npm-registry-client\lib\request.js:241:14)
28 verbose stack     at Request._callback (C:\Program Files\nodejs\node_modules\npm\node_modules\npm-registry-client\lib\request.js:171:14)
28 verbose stack     at Request.self.callback (C:\Program Files\nodejs\node_modules\npm\node_modules\request\request.js:198:22)
28 verbose stack     at emitTwo (events.js:87:13)
28 verbose stack     at Request.emit (events.js:172:7)
28 verbose stack     at Request.<anonymous> (C:\Program Files\nodejs\node_modules\npm\node_modules\request\request.js:1073:14)
28 verbose stack     at emitOne (events.js:82:20)
28 verbose stack     at Request.emit (events.js:169:7)
28 verbose stack     at IncomingMessage.<anonymous> (C:\Program Files\nodejs\node_modules\npm\node_modules\request\request.js:1019:12)
29 verbose statusCode 404
30 verbose pkgid ngCordova
31 verbose cwd C:\Work\Projects\Nix
32 error Windows_NT 6.1.7601
33 error argv "C:\\Program Files\\nodejs\\node.exe" "C:\\Program Files\\nodejs\\node_modules\\npm\\bin\\npm-cli.js" "install" "ngCordova"
34 error node v4.1.2
35 error npm  v2.14.4
36 error code E404
37 error 404 Registry returned 404 for GET on https://registry.npmjs.org/ngCordova
37 error 404
37 error 404 'ngCordova' is not in the npm registry.
37 error 404 Your package name is not valid, because
37 error 404
37 error 404  1. name can no longer contain capital letters
37 error 404 It was specified as a dependency of 'nix'
37 error 404
37 error 404 Note that you can also install from a
37 error 404 tarball, folder, http url, or git url.
38 verbose exit [ 1, true ]
